app/build/outputs/logs/manifest-merger-debug-report.txt
-- Merging decision tree log ---
manifest
ADDED from src\main\AndroidManifest.xml:2:1-5:12
INJECTED from src\main\AndroidManifest.xml:2:1-5:12
INJECTED from src\main\AndroidManifest.xml:2:1-5:12
INJECTED from src\main\AndroidManifest.xml:2:1-5:12
MERGED from [:wanandroidapp_login] AndroidManifest.xml:2:1-35:12
MERGED from [:wanandroidapp_home] AndroidManifest.xml:2:1-19:12
MERGED from [:wanandroidapp_system] AndroidManifest.xml:2:1-11:12
MERGED from [:wanandroidapp_project] AndroidManifest.xml:2:1-11:12
MERGED from [:wanandroidapp_my] AndroidManifest.xml:2:1-11:12
MERGED from [:commonapp] AndroidManifest.xml:2:1-21:12
MERGED from [com.android.support:multidex:1.0.2] AndroidManifest.xml:17:1-22:12
MERGED from [com.android.support.constraint:constraint-layout:2.0.0-alpha2] AndroidManifest.xml:2:1-11:12
MERGED from [com.android.support.test.espresso:espresso-core:3.0.2] AndroidManifest.xml:17:1-24:12
MERGED from [com.android.support.test:runner:1.0.2] AndroidManifest.xml:17:1-24:12
MERGED from [com.android.support:design:27.1.1] AndroidManifest.xml:17:1-22:12
MERGED from [com.alibaba:arouter-api:1.3.1] AndroidManifest.xml:2:1-10:12
MERGED from [com.android.support:cardview-v7:27.1.1] AndroidManifest.xml:17:1-22:12
MERGED from [com.trello.rxlifecycle2:rxlifecycle-components:2.2.2] AndroidManifest.xml:13:1-18:12
MERGED from [com.trello.rxlifecycle2:rxlifecycle-android:2.2.2] AndroidManifest.xml:13:1-18:12
MERGED from [com.jakewharton.rxbinding2:rxbinding:2.1.1] AndroidManifest.xml:2:1-8:12
MERGED from [io.reactivex.rxjava2:rxandroid:2.1.0] AndroidManifest.xml:15:1-20:12
MERGED from [com.jakewharton:butterknife:8.4.0] AndroidManifest.xml:2:1-7:12
MERGED from [com.github.bumptech.glide:glide:4.8.0] AndroidManifest.xml:2:1-12:12
MERGED from [com.youth.banner:banner:1.4.10] AndroidManifest.xml:2:1-11:12
MERGED from [com.wang.avi:library:2.1.3] AndroidManifest.xml:2:1-11:12
MERGED from [com.flyco.roundview:FlycoRoundView_Lib:1.1.2] AndroidManifest.xml:2:1-16:12
MERGED from [com.kingja.loadsir:loadsir:1.3.6] AndroidManifest.xml:2:1-12:12
MERGED from [com.github.CymChad:BaseRecyclerViewAdapterHelper:2.9.30] AndroidManifest.xml:2:1-11:12
MERGED from [com.scwang.smartrefresh:SmartRefreshLayout:1.1.0-alpha-14] AndroidManifest.xml:2:1-17:12
MERGED from [com.android.support:recyclerview-v7:27.1.1] AndroidManifest.xml:17:1-22:12
MERGED from [com.flyco.tablayout:FlycoTabLayout_Lib:1.5.0] AndroidManifest.xml:2:1-16:12
MERGED from [com.google.android:flexbox:0.2.6] AndroidManifest.xml:17:1-27:12
MERGED from [com.github.lygttpod:SuperTextView:2.1.8] AndroidManifest.xml:2:1-11:12
MERGED from [com.wuhenzhizao:titlebar:1.1.3] AndroidManifest.xml:2:1-17:12
MERGED from [com.android.support.test:monitor:1.0.2] AndroidManifest.xml:17:1-24:12
MERGED from [com.android.support:transition:27.1.1] AndroidManifest.xml:17:1-22:12
MERGED from [com.github.bumptech.glide:gifdecoder:4.8.0] AndroidManifest.xml:2:1-11:12
MERGED from [com.android.support:support-v4:27.1.1] AndroidManifest.xml:17:1-22:12
MERGED from [com.android.support:appcompat-v7:27.1.1] AndroidManifest.xml:17:1-22:12
MERGED from [com.android.support:support-fragment:27.1.1] AndroidManifest.xml:17:1-22:12
MERGED from [com.android.support:animated-vector-drawable:27.1.1] AndroidManifest.xml:17:1-22:12
MERGED from [com.android.support:support-core-ui:27.1.1] AndroidManifest.xml:17:1-22:12
MERGED from [com.android.support:support-core-utils:27.1.1] AndroidManifest.xml:17:1-22:12
MERGED from [com.android.support:support-media-compat:27.1.1] AndroidManifest.xml:17:1-22:12
MERGED from [com.android.support:support-vector-drawable:27.1.1] AndroidManifest.xml:17:1-22:12
MERGED from [com.android.support:support-compat:27.1.1] AndroidManifest.xml:17:1-22:12
MERGED from [com.android.support.test.espresso:espresso-idling-resource:3.0.2] AndroidManifest.xml:17:1-24:12
MERGED from [android.arch.lifecycle:livedata-core:1.1.0] AndroidManifest.xml:17:1-22:12
MERGED from [android.arch.lifecycle:viewmodel:1.1.0] AndroidManifest.xml:17:1-22:12
MERGED from [android.arch.lifecycle:runtime:1.1.0] AndroidManifest.xml:17:1-22:12
MERGED from [android.arch.core:runtime:1.1.0] AndroidManifest.xml:17:1-22:12
INJECTED from src\main\AndroidManifest.xml:2:1-5:12
INJECTED from src\main\AndroidManifest.xml:2:1-5:12
INJECTED from src\main\AndroidManifest.xml:2:1-5:12
	package
		ADDED from src\main\AndroidManifest.xml:3:5-36
		INJECTED from src\main\AndroidManifest.xml
		INJECTED from src\main\AndroidManifest.xml
	android:versionName
		INJECTED from src\main\AndroidManifest.xml
		ADDED from src\main\AndroidManifest.xml:2:1-5:12
		INJECTED from src\main\AndroidManifest.xml
	android:versionCode
		INJECTED from src\main\AndroidManifest.xml
		ADDED from src\main\AndroidManifest.xml:2:1-5:12
		INJECTED from src\main\AndroidManifest.xml
	xmlns:android
		ADDED from src\main\AndroidManifest.xml:2:11-69
uses-sdk
INJECTED from src\main\AndroidManifest.xml reason: use-sdk injection requested
INJECTED from src\main\AndroidManifest.xml
INJECTED from src\main\AndroidManifest.xml
MERGED from [:wanandroidapp_login] AndroidManifest.xml:7:5-9:41
MERGED from [:wanandroidapp_login] AndroidManifest.xml:7:5-9:41
MERGED from [:wanandroidapp_home] AndroidManifest.xml:7:5-9:41
MERGED from [:wanandroidapp_home] AndroidManifest.xml:7:5-9:41
MERGED from [:wanandroidapp_system] AndroidManifest.xml:7:5-9:41
MERGED from [:wanandroidapp_system] AndroidManifest.xml:7:5-9:41
MERGED from [:wanandroidapp_project] AndroidManifest.xml:7:5-9:41
MERGED from [:wanandroidapp_project] AndroidManifest.xml:7:5-9:41
MERGED from [:wanandroidapp_my] AndroidManifest.xml:7:5-9:41
MERGED from [:wanandroidapp_my] AndroidManifest.xml:7:5-9:41
MERGED from [:commonapp] AndroidManifest.xml:7:5-9:41
MERGED from [:commonapp] AndroidManifest.xml:7:5-9:41
MERGED from [com.android.support:multidex:1.0.2] AndroidManifest.xml:20:5-43
MERGED from [com.android.support:multidex:1.0.2] AndroidManifest.xml:20:5-43
MERGED from [com.android.support.constraint:constraint-layout:2.0.0-alpha2] AndroidManifest.xml:5:5-7:41
MERGED from [com.android.support.constraint:constraint-layout:2.0.0-alpha2] AndroidManifest.xml:5:5-7:41
MERGED from [com.android.support.test.espresso:espresso-core:3.0.2] AndroidManifest.xml:20:5-22:41
MERGED from [com.android.support.test.espresso:espresso-core:3.0.2] AndroidManifest.xml:20:5-22:41
MERGED from [com.android.support.test:runner:1.0.2] AndroidManifest.xml:20:5-22:41
MERGED from [com.android.support.test:runner:1.0.2] AndroidManifest.xml:20:5-22:41
MERGED from [com.android.support:design:27.1.1] AndroidManifest.xml:20:5-44
MERGED from [com.android.support:design:27.1.1] AndroidManifest.xml:20:5-44
MERGED from [com.alibaba:arouter-api:1.3.1] AndroidManifest.xml:6:5-8:41
MERGED from [com.alibaba:arouter-api:1.3.1] AndroidManifest.xml:6:5-8:41
MERGED from [com.android.support:cardview-v7:27.1.1] AndroidManifest.xml:20:5-44
MERGED from [com.android.support:cardview-v7:27.1.1] AndroidManifest.xml:20:5-44
MERGED from [com.trello.rxlifecycle2:rxlifecycle-components:2.2.2] AndroidManifest.xml:16:5-44
MERGED from [com.trello.rxlifecycle2:rxlifecycle-components:2.2.2] AndroidManifest.xml:16:5-44
MERGED from [com.trello.rxlifecycle2:rxlifecycle-android:2.2.2] AndroidManifest.xml:16:5-44
MERGED from [com.trello.rxlifecycle2:rxlifecycle-android:2.2.2] AndroidManifest.xml:16:5-44
MERGED from [com.jakewharton.rxbinding2:rxbinding:2.1.1] AndroidManifest.xml:6:5-44
MERGED from [com.jakewharton.rxbinding2:rxbinding:2.1.1] AndroidManifest.xml:6:5-44
MERGED from [io.reactivex.rxjava2:rxandroid:2.1.0] AndroidManifest.xml:18:5-43
MERGED from [io.reactivex.rxjava2:rxandroid:2.1.0] AndroidManifest.xml:18:5-43
MERGED from [com.jakewharton:butterknife:8.4.0] AndroidManifest.xml:5:5-43
MERGED from [com.jakewharton:butterknife:8.4.0] AndroidManifest.xml:5:5-43
MERGED from [com.github.bumptech.glide:glide:4.8.0] AndroidManifest.xml:6:5-8:41
MERGED from [com.github.bumptech.glide:glide:4.8.0] AndroidManifest.xml:6:5-8:41
MERGED from [com.youth.banner:banner:1.4.10] AndroidManifest.xml:7:5-9:41
MERGED from [com.youth.banner:banner:1.4.10] AndroidManifest.xml:7:5-9:41
MERGED from [com.wang.avi:library:2.1.3] AndroidManifest.xml:7:5-9:41
MERGED from [com.wang.avi:library:2.1.3] AndroidManifest.xml:7:5-9:41
MERGED from [com.flyco.roundview:FlycoRoundView_Lib:1.1.2] AndroidManifest.xml:7:5-9:41
MERGED from [com.flyco.roundview:FlycoRoundView_Lib:1.1.2] AndroidManifest.xml:7:5-9:41
MERGED from [com.kingja.loadsir:loadsir:1.3.6] AndroidManifest.xml:8:5-10:41
MERGED from [com.kingja.loadsir:loadsir:1.3.6] AndroidManifest.xml:8:5-10:41
MERGED from [com.github.CymChad:BaseRecyclerViewAdapterHelper:2.9.30] AndroidManifest.xml:7:5-9:41
MERGED from [com.github.CymChad:BaseRecyclerViewAdapterHelper:2.9.30] AndroidManifest.xml:7:5-9:41
MERGED from [com.scwang.smartrefresh:SmartRefreshLayout:1.1.0-alpha-14] AndroidManifest.xml:7:5-9:41
MERGED from [com.scwang.smartrefresh:SmartRefreshLayout:1.1.0-alpha-14] AndroidManifest.xml:7:5-9:41
MERGED from [com.android.support:recyclerview-v7:27.1.1] AndroidManifest.xml:20:5-44
MERGED from [com.android.support:recyclerview-v7:27.1.1] AndroidManifest.xml:20:5-44
MERGED from [com.flyco.tablayout:FlycoTabLayout_Lib:1.5.0] AndroidManifest.xml:7:5-9:41
MERGED from [com.flyco.tablayout:FlycoTabLayout_Lib:1.5.0] AndroidManifest.xml:7:5-9:41
MERGED from [com.google.android:flexbox:0.2.6] AndroidManifest.xml:23:5-25:41
MERGED from [com.google.android:flexbox:0.2.6] AndroidManifest.xml:23:5-25:41
MERGED from [com.github.lygttpod:SuperTextView:2.1.8] AndroidManifest.xml:7:5-9:41
MERGED from [com.github.lygttpod:SuperTextView:2.1.8] AndroidManifest.xml:7:5-9:41
MERGED from [com.wuhenzhizao:titlebar:1.1.3] AndroidManifest.xml:7:5-9:41
MERGED from [com.wuhenzhizao:titlebar:1.1.3] AndroidManifest.xml:7:5-9:41
MERGED from [com.android.support.test:monitor:1.0.2] AndroidManifest.xml:20:5-22:41
MERGED from [com.android.support.test:monitor:1.0.2] AndroidManifest.xml:20:5-22:41
MERGED from [com.android.support:transition:27.1.1] AndroidManifest.xml:20:5-44
MERGED from [com.android.support:transition:27.1.1] AndroidManifest.xml:20:5-44
MERGED from [com.github.bumptech.glide:gifdecoder:4.8.0] AndroidManifest.xml:5:5-7:41
MERGED from [com.github.bumptech.glide:gifdecoder:4.8.0] AndroidManifest.xml:5:5-7:41
MERGED from [com.android.support:support-v4:27.1.1] AndroidManifest.xml:20:5-44
MERGED from [com.android.support:support-v4:27.1.1] AndroidManifest.xml:20:5-44
MERGED from [com.android.support:appcompat-v7:27.1.1] AndroidManifest.xml:20:5-44
MERGED from [com.android.support:appcompat-v7:27.1.1] AndroidManifest.xml:20:5-44
MERGED from [com.android.support:support-fragment:27.1.1] AndroidManifest.xml:20:5-44
MERGED from [com.android.support:support-fragment:27.1.1] AndroidManifest.xml:20:5-44
MERGED from [com.android.support:animated-vector-drawable:27.1.1] AndroidManifest.xml:20:5-44
MERGED from [com.android.support:animated-vector-drawable:27.1.1] AndroidManifest.xml:20:5-44
MERGED from [com.android.support:support-core-ui:27.1.1] AndroidManifest.xml:20:5-44
MERGED from [com.android.support:support-core-ui:27.1.1] AndroidManifest.xml:20:5-44
MERGED from [com.android.support:support-core-utils:27.1.1] AndroidManifest.xml:20:5-44
MERGED from [com.android.support:support-core-utils:27.1.1] AndroidManifest.xml:20:5-44
MERGED from [com.android.support:support-media-compat:27.1.1] AndroidManifest.xml:20:5-44
MERGED from [com.android.support:support-media-compat:27.1.1] AndroidManifest.xml:20:5-44
MERGED from [com.android.support:support-vector-drawable:27.1.1] AndroidManifest.xml:20:5-44
MERGED from [com.android.support:support-vector-drawable:27.1.1] AndroidManifest.xml:20:5-44
MERGED from [com.android.support:support-compat:27.1.1] AndroidManifest.xml:20:5-44
MERGED from [com.android.support:support-compat:27.1.1] AndroidManifest.xml:20:5-44
MERGED from [com.android.support.test.espresso:espresso-idling-resource:3.0.2] AndroidManifest.xml:20:5-22:41
MERGED from [com.android.support.test.espresso:espresso-idling-resource:3.0.2] AndroidManifest.xml:20:5-22:41
MERGED from [android.arch.lifecycle:livedata-core:1.1.0] AndroidManifest.xml:20:5-44
MERGED from [android.arch.lifecycle:livedata-core:1.1.0] AndroidManifest.xml:20:5-44
MERGED from [android.arch.lifecycle:viewmodel:1.1.0] AndroidManifest.xml:20:5-44
MERGED from [android.arch.lifecycle:viewmodel:1.1.0] AndroidManifest.xml:20:5-44
MERGED from [android.arch.lifecycle:runtime:1.1.0] AndroidManifest.xml:20:5-44
MERGED from [android.arch.lifecycle:runtime:1.1.0] AndroidManifest.xml:20:5-44
MERGED from [android.arch.core:runtime:1.1.0] AndroidManifest.xml:20:5-44
MERGED from [android.arch.core:runtime:1.1.0] AndroidManifest.xml:20:5-44
INJECTED from src\main\AndroidManifest.xml
INJECTED from src\main\AndroidManifest.xml
	android:targetSdkVersion
		INJECTED from src\main\AndroidManifest.xml
		ADDED from src\main\AndroidManifest.xml
		INJECTED from src\main\AndroidManifest.xml
	android:minSdkVersion
		INJECTED from src\main\AndroidManifest.xml
		ADDED from src\main\AndroidManifest.xml
		INJECTED from src\main\AndroidManifest.xml
uses-permission#android.permission.INTERNET 
ADDED from [:wanandroidapp_login] AndroidManifest.xml:11:5-68
	android:name
		ADDED from [:wanandroidapp_login] AndroidManifest.xml:11:22-65
application
ADDED from [:wanandroidapp_login] AndroidManifest.xml:13:5-33:19
MERGED from [:wanandroidapp_home] AndroidManifest.xml:13:5-17:19
MERGED from [:wanandroidapp_home] AndroidManifest.xml:13:5-17:19
MERGED from [:commonapp] AndroidManifest.xml:17:5-19:19
MERGED from [:commonapp] AndroidManifest.xml:17:5-19:19
MERGED from [com.android.support.constraint:constraint-layout:2.0.0-alpha2] AndroidManifest.xml:9:5-20
MERGED from [com.android.support.constraint:constraint-layout:2.0.0-alpha2] AndroidManifest.xml:9:5-20
MERGED from [com.github.bumptech.glide:glide:4.8.0] AndroidManifest.xml:10:5-20
MERGED from [com.github.bumptech.glide:glide:4.8.0] AndroidManifest.xml:10:5-20
MERGED from [com.flyco.roundview:FlycoRoundView_Lib:1.1.2] AndroidManifest.xml:11:5-14:19
MERGED from [com.flyco.roundview:FlycoRoundView_Lib:1.1.2] AndroidManifest.xml:11:5-14:19
MERGED from [com.scwang.smartrefresh:SmartRefreshLayout:1.1.0-alpha-14] AndroidManifest.xml:11:5-15:19
MERGED from [com.scwang.smartrefresh:SmartRefreshLayout:1.1.0-alpha-14] AndroidManifest.xml:11:5-15:19
MERGED from [com.flyco.tablayout:FlycoTabLayout_Lib:1.5.0] AndroidManifest.xml:11:5-14:19
MERGED from [com.flyco.tablayout:FlycoTabLayout_Lib:1.5.0] AndroidManifest.xml:11:5-14:19
MERGED from [com.wuhenzhizao:titlebar:1.1.3] AndroidManifest.xml:11:5-15:19
MERGED from [com.wuhenzhizao:titlebar:1.1.3] AndroidManifest.xml:11:5-15:19
MERGED from [com.github.bumptech.glide:gifdecoder:4.8.0] AndroidManifest.xml:9:5-20
MERGED from [com.github.bumptech.glide:gifdecoder:4.8.0] AndroidManifest.xml:9:5-20
	android:supportsRtl
		ADDED from [com.flyco.roundview:FlycoRoundView_Lib:1.1.2] AndroidManifest.xml:13:9-35
	android:label
		ADDED from [:wanandroidapp_login] AndroidManifest.xml:18:9-41
	android:fullBackupContent
		ADDED from [:wanandroidapp_login] AndroidManifest.xml:16:9-41
	android:icon
		ADDED from [:wanandroidapp_login] AndroidManifest.xml:17:9-45
	android:allowBackup
		ADDED from [:wanandroidapp_login] AndroidManifest.xml:15:9-35
	android:theme
		ADDED from [:wanandroidapp_login] AndroidManifest.xml:19:9-40
	android:name
		ADDED from [:wanandroidapp_login] AndroidManifest.xml:14:9-62
activity#cxw.com.wanandroidapp_login.login.LoginActivity
ADDED from [:wanandroidapp_login] AndroidManifest.xml:20:9-21:20
	android:name
		ADDED from [:wanandroidapp_login] AndroidManifest.xml:20:19-81
activity#cxw.com.wanandroidapp_login.FramentContainerActivity
ADDED from [:wanandroidapp_login] AndroidManifest.xml:22:9-89
	android:name
		ADDED from [:wanandroidapp_login] AndroidManifest.xml:22:19-86
activity#cxw.com.wanandroidapp_login.register.RegisterActivity
ADDED from [:wanandroidapp_login] AndroidManifest.xml:23:9-90
	android:name
		ADDED from [:wanandroidapp_login] AndroidManifest.xml:23:19-87
activity#cxw.com.wanandroidapp_login.WelcomeActivity
ADDED from [:wanandroidapp_login] AndroidManifest.xml:24:9-32:20
	android:theme
		ADDED from [:wanandroidapp_login] AndroidManifest.xml:26:13-70
	android:name
		ADDED from [:wanandroidapp_login] AndroidManifest.xml:25:13-71
intent-filter#android.intent.action.MAIN+android.intent.category.LAUNCHER
ADDED from [:wanandroidapp_login] AndroidManifest.xml:27:13-31:29
action#android.intent.action.MAIN
ADDED from [:wanandroidapp_login] AndroidManifest.xml:28:17-69
	android:name
		ADDED from [:wanandroidapp_login] AndroidManifest.xml:28:25-66
category#android.intent.category.LAUNCHER
ADDED from [:wanandroidapp_login] AndroidManifest.xml:30:17-77
	android:name
		ADDED from [:wanandroidapp_login] AndroidManifest.xml:30:27-74
uses-permission#android.permission.INTERNET
ADDED from [:wanandroidapp_home] AndroidManifest.xml:11:5-67
MERGED from [:commonapp] AndroidManifest.xml:14:5-67
MERGED from [:commonapp] AndroidManifest.xml:14:5-67
	android:name
		ADDED from [:wanandroidapp_home] AndroidManifest.xml:11:22-64
activity#cxw.com.wanandroidapp_home.view.SearchActivity
ADDED from [:wanandroidapp_home] AndroidManifest.xml:14:9-83
	android:name
		ADDED from [:wanandroidapp_home] AndroidManifest.xml:14:19-80
activity#cxw.com.wanandroidapp_home.view.SearchListActivity
ADDED from [:wanandroidapp_home] AndroidManifest.xml:15:9-87
	android:name
		ADDED from [:wanandroidapp_home] AndroidManifest.xml:15:19-84
activity#cxw.com.wanandroidapp_home.view.AuthorArticleActivity
ADDED from [:wanandroidapp_home] AndroidManifest.xml:16:9-90
	android:name
		ADDED from [:wanandroidapp_home] AndroidManifest.xml:16:19-87
uses-permission#android.permission.WRITE_EXTERNAL_STORAGE
ADDED from [:commonapp] AndroidManifest.xml:11:5-81
	android:name
		ADDED from [:commonapp] AndroidManifest.xml:11:22-78
uses-permission#android.permission.ACCESS_WIFI_STATE
ADDED from [:commonapp] AndroidManifest.xml:12:5-76
	android:name
		ADDED from [:commonapp] AndroidManifest.xml:12:22-73
uses-permission#android.permission.READ_PHONE_STATE
ADDED from [:commonapp] AndroidManifest.xml:13:5-75
	android:name
		ADDED from [:commonapp] AndroidManifest.xml:13:22-72
uses-permission#android.permission.ACCESS_NETWORK_STATE
ADDED from [:commonapp] AndroidManifest.xml:15:5-79
	android:name
		ADDED from [:commonapp] AndroidManifest.xml:15:22-76
activity#cxw.com.commonapp.activity.X5WebViewActivity
ADDED from [:commonapp] AndroidManifest.xml:18:9-81
	android:name
		ADDED from [:commonapp] AndroidManifest.xml:18:19-78